number,value,datetime_start,datetime_complete,duration,params_colsample_bytree,params_gamma,params_learning_rate,params_max_depth,params_min_child_weight,params_reg_alpha,params_reg_lambda,params_subsample,user_attrs_avg_best_iteration,user_attrs_cv_accuracy,user_attrs_cv_logloss,user_attrs_fold_accs,user_attrs_fold_lls,state,model,cv_accuracy,cv_logloss,avg_best_iteration,params_min_child_samples,params_min_split_gain,params_num_leaves,params_auto_class_weights,params_bagging_temperature,params_border_count,params_depth,params_l2_leaf_reg,params_min_data_in_leaf,params_random_strength
76,0.5693202182739134,2026-04-14 23:56:46.663011,2026-04-14 23:56:56.761129,0 days 00:00:10.098118,,,0.06354308432316957,,,,,0.611421817914212,,,,,,PRUNED,cat,,,,,,,,0.9951104337497323,230.0,4.0,5.741617656212628,50.0,0.7200947027666881
77,0.5671722606691618,2026-04-14 23:56:56.779242,2026-04-14 23:57:08.773051,0 days 00:00:11.993809,,,0.05081177592201289,,,,,0.6539024265971071,231.0,0.7042452830188679,0.5671722606691618,"[0.6438679245283019, 0.6933962264150944, 0.6981132075471698, 0.7429245283018868, 0.7429245283018868]","[0.6197838876337605, 0.580671335852333, 0.5791803438923654, 0.5230647658159148, 0.5331609701514356]",COMPLETE,cat,0.7042452830188679,0.5671722606691618,231.0,,,,,1.2500161162966708,247.0,3.0,9.873883765909362,43.0,0.5240118902579466
78,0.5684794490217614,2026-04-14 23:57:08.788308,2026-04-14 23:57:49.753422,0 days 00:00:40.965114,,,0.010198922069079156,,,,,0.5648299199862213,930.6,0.7061320754716981,0.5684794490217614,"[0.6297169811320755, 0.7028301886792453, 0.7016509433962265, 0.7535377358490566, 0.7429245283018868]","[0.6180530106320521, 0.5846958888441595, 0.5754437795328006, 0.5277706758082638, 0.5364338902915312]",COMPLETE,cat,0.7061320754716981,0.5684794490217614,930.6,,,,,0.6300538537597249,248.0,3.0,7.659166942575081,45.0,0.51298106403668
79,0.5688109736973377,2026-04-14 23:57:49.772147,2026-04-14 23:58:06.446940,0 days 00:00:16.674793,,,0.05320334171778106,,,,,0.5789583320092252,149.0,0.7044811320754718,0.5688109736973377,"[0.6403301886792453, 0.7016509433962265, 0.6945754716981132, 0.7429245283018868, 0.7429245283018868]","[0.6161790671913452, 0.5812498801503738, 0.5819269699043204, 0.5339642667272196, 0.5307346845134298]",COMPLETE,cat,0.7044811320754718,0.5688109736973377,149.0,,,,,0.8089695569030144,243.0,5.0,9.889117598992883,47.0,0.29699594676055147
80,0.5672548118377887,2026-04-14 23:58:06.464941,2026-04-14 23:58:19.400670,0 days 00:00:12.935729,,,0.043490286728878565,,,,,0.6574383888699427,272.2,0.7047169811320755,0.5672548118377887,"[0.6462264150943396, 0.6886792452830188, 0.7087264150943396, 0.7429245283018868, 0.7370283018867925]","[0.6199579548204014, 0.5800294061818027, 0.576473770752124, 0.524448110109524, 0.535364817325091]",COMPLETE,cat,0.7047169811320755,0.5672548118377887,272.2,,,,,1.062007504955428,224.0,3.0,5.204282354287201,44.0,0.6352432789235658
81,0.5981958544744913,2026-04-14 23:58:19.417677,2026-04-14 23:58:24.539784,0 days 00:00:05.122107,,,0.041128641528185676,,,,,0.6294482582546683,,,,,,PRUNED,cat,,,,,,,Balanced,1.0894332472336798,225.0,3.0,5.505073990032676,46.0,0.6112978039862372
82,0.5696625955612769,2026-04-14 23:58:24.556945,2026-04-14 23:58:36.560868,0 days 00:00:12.003923,,,0.04680009694449252,,,,,0.6589194518921352,,,,,,PRUNED,cat,,,,,,,,1.2676256424005334,214.0,3.0,3.6284141565519805,40.0,0.7896698667465052
83,0.5652775023509298,2026-04-14 23:58:36.578920,2026-04-14 23:58:59.049193,0 days 00:00:22.470273,,,0.035224942342752405,,,,,0.677444833008,335.6,0.7129716981132075,0.5652775023509298,"[0.6674528301886793, 0.7110849056603774, 0.7016509433962265, 0.7417452830188679, 0.7429245283018868]","[0.6125202833383037, 0.5833386425987052, 0.57721812898672, 0.5245201196782271, 0.5287903371526934]",COMPLETE,cat,0.7129716981132075,0.5652775023509298,335.6,,,,,1.0009364307820994,233.0,4.0,7.48562425147051,48.0,1.1544324995943986
84,0.5668262995717435,2026-04-14 23:58:59.072204,2026-04-14 23:59:21.256431,0 days 00:00:22.184227,,,0.03591588132233819,,,,,0.691742625094547,316.4,0.7049528301886793,0.5668262995717435,"[0.6415094339622641, 0.7087264150943396, 0.6898584905660378, 0.7488207547169812, 0.7358490566037735]","[0.6175523799260912, 0.5798977126910637, 0.5793525406760857, 0.5251011043241764, 0.5322277602413003]",COMPLETE,cat,0.7049528301886793,0.5668262995717435,316.4,,,,,0.4941954039551084,255.0,4.0,6.494481003374458,43.0,1.192003698041214
85,0.5958220839914843,2026-04-14 23:59:21.272219,2026-04-14 23:59:30.888000,0 days 00:00:09.615781,,,0.034817791805764775,,,,,0.6938203774132192,,,,,,PRUNED,cat,,,,,,,,0.5390299416013955,237.0,4.0,7.6926614203379735,43.0,1.5380798777143525
86,0.5680370028798248,2026-04-14 23:59:30.903546,2026-04-14 23:59:52.523032,0 days 00:00:21.619486,,,0.029137347766200448,,,,,0.6780907684359927,419.2,0.7016509433962264,0.5680370028798248,"[0.6332547169811321, 0.6910377358490566, 0.7028301886792453, 0.7452830188679245, 0.7358490566037735]","[0.621697282392614, 0.5827516354882668, 0.5771929027074718, 0.5265337165517989, 0.5320094772589729]",COMPLETE,cat,0.7016509433962264,0.5680370028798248,419.2,,,,,0.17782265574982353,249.0,3.0,9.98438034229788,48.0,1.1573107319637463
87,0.5973121756150047,2026-04-14 23:59:52.537209,2026-04-15 00:00:03.137360,0 days 00:00:10.600151,,,0.033248300593611314,,,,,0.7198987647388377,,,,,,PRUNED,cat,,,,,,,,0.4107047291878003,253.0,4.0,3.876989772625743,42.0,1.668633133673064
88,0.5652456059470337,2026-04-15 00:00:03.154543,2026-04-15 00:00:27.456697,0 days 00:00:24.302154,,,0.039976630591961194,,,,,0.6489037315673116,366.2,0.709433962264151,0.5652456059470337,"[0.6533018867924528, 0.7016509433962265, 0.7028301886792453, 0.75, 0.7393867924528302]","[0.6163458879074245, 0.5849584609811975, 0.5768058225906924, 0.5202332910207896, 0.5278845672350643]",COMPLETE,cat,0.709433962264151,0.5652456059470337,366.2,,,,,0.7748202548468777,237.0,4.0,7.316366814899122,50.0,2.383583030301331
89,0.6021712778748676,2026-04-15 00:00:27.477399,2026-04-15 00:00:39.829314,0 days 00:00:12.351915,,,0.04002979394802076,,,,,0.7136760062667254,,,,,,PRUNED,cat,,,,,,,,0.6751793480151739,255.0,5.0,4.959460681770687,48.0,2.9407364561348275
90,0.5995393498681956,2026-04-15 00:00:39.844477,2026-04-15 00:00:47.814125,0 days 00:00:07.969648,,,0.051428924862934974,,,,,0.6468934565645071,,,,,,PRUNED,cat,,,,,,,,0.9201805033601145,244.0,4.0,2.8493034245208793,42.0,2.2778771292965145
91,0.5987437202494825,2026-04-15 00:00:47.829472,2026-04-15 00:00:53.217272,0 days 00:00:05.387800,,,0.04301862459284184,,,,,0.6881576140125496,,,,,,PRUNED,cat,,,,,,,,0.3614772745200898,234.0,4.0,1.9762035462949616,45.0,0.9599198359087503
92,0.5679318422908732,2026-04-15 00:00:53.232233,2026-04-15 00:01:14.723727,0 days 00:00:21.491494,,,0.037547934801359886,,,,,0.6553949168985925,325.0,0.7040094339622641,0.5679318422908732,"[0.6509433962264151, 0.6922169811320755, 0.7075471698113207, 0.7405660377358491, 0.7287735849056604]","[0.6178454812319137, 0.5851703895160633, 0.5808871053122718, 0.5237171126815259, 0.5320391227125915]",COMPLETE,cat,0.7040094339622641,0.5679318422908732,325.0,,,,,0.7433817748695517,225.0,4.0,7.055264553997073,50.0,1.9283959966886794
93,0.5679451405825964,2026-04-15 00:01:14.740642,2026-04-15 00:01:33.826770,0 days 00:00:19.086128,,,0.030298038744170013,,,,,0.6980136985477294,418.0,0.7058962264150943,0.5679451405825964,"[0.6391509433962265, 0.6922169811320755, 0.7051886792452831, 0.7523584905660378, 0.7405660377358491]","[0.6225692337626043, 0.5818003617542239, 0.5776484212861352, 0.5250893998747125, 0.5326182862353057]",COMPLETE,cat,0.7058962264150943,0.5679451405825964,418.0,,,,,0.47522940082578763,221.0,3.0,8.124662337899046,49.0,1.3709273182175317
94,0.5684942536526558,2026-04-15 00:01:33.843120,2026-04-15 00:01:44.587610,0 days 00:00:10.744490,,,0.07445229466385123,,,,,0.679486565018147,143.6,0.7051886792452831,0.5684942536526558,"[0.6509433962264151, 0.6863207547169812, 0.7110849056603774, 0.7429245283018868, 0.7346698113207547]","[0.6210070803556257, 0.5898942128123299, 0.573100812986787, 0.5283140712860297, 0.530155090822507]",COMPLETE,cat,0.7051886792452831,0.5684942536526558,143.6,,,,,1.1619421147116065,238.0,4.0,6.59110781702792,46.0,1.1406660393888202
95,0.5990784361022298,2026-04-15 00:01:44.602738,2026-04-15 00:01:50.881068,0 days 00:00:06.278330,,,0.048767032417210025,,,,,0.6191302202967521,,,,,,PRUNED,cat,,,,,,,,0.1438774641244045,246.0,3.0,3.870511294745523,48.0,3.53542357415202
96,0.597689570844614,2026-04-15 00:01:50.897719,2026-04-15 00:02:03.259125,0 days 00:00:12.361406,,,0.041565992035675764,,,,,0.6660039331453999,,,,,,PRUNED,cat,,,,,,,,0.7907559516217529,208.0,5.0,4.897058812004593,44.0,2.5546295177067733
97,0.5669840065097518,2026-04-15 00:02:03.276044,2026-04-15 00:02:17.360075,0 days 00:00:14.084031,,,0.04470369445770576,,,,,0.6344729297537782,203.0,0.7037735849056603,0.5669840065097518,"[0.6426886792452831, 0.7004716981132075, 0.7004716981132075, 0.7382075471698113, 0.7370283018867925]","[0.6114488733182333, 0.5842714611213881, 0.5727029732664566, 0.52974172600783, 0.5367549988348506]",COMPLETE,cat,0.7037735849056603,0.5669840065097518,203.0,,,,,1.2576033093292642,229.0,4.0,6.084679527428863,37.0,0.4997112901342554
98,0.5663162462580332,2026-04-15 00:02:17.376164,2026-04-15 00:02:33.480673,0 days 00:00:16.104509,,,0.04525782308135807,,,,,0.634112354712681,229.0,0.6995283018867925,0.5663162462580332,"[0.6391509433962265, 0.6933962264150944, 0.7016509433962265, 0.7334905660377359, 0.7299528301886793]","[0.6151262335011094, 0.5825958678084432, 0.5794966389429143, 0.523976602674762, 0.5303858883629374]",COMPLETE,cat,0.6995283018867925,0.5663162462580332,229.0,,,,,1.3552032649709802,232.0,4.0,3.183132540654406,34.0,0.47792391043524485
99,0.5665776026983899,2026-04-15 00:02:33.495013,2026-04-15 00:02:45.716627,0 days 00:00:12.221614,,,0.05299986113458923,,,,,0.6327925936767738,169.2,0.7056603773584904,0.5665776026983899,"[0.6379716981132075, 0.7016509433962265, 0.7028301886792453, 0.7452830188679245, 0.7405660377358491]","[0.6197606207875037, 0.5801416245949148, 0.5722338187743711, 0.5277234265075527, 0.5330285228276067]",COMPLETE,cat,0.7056603773584904,0.5665776026983899,169.2,,,,,1.3638653565668892,229.0,4.0,2.2114587084093063,36.0,0.47154019273702724
100,0.6049479153486722,2026-04-15 00:02:45.730301,2026-04-15 00:02:51.168409,0 days 00:00:05.438108,,,0.03484734085263196,,,,,0.6419322704394095,,,,,,PRUNED,cat,,,,,,,Balanced,1.3325615174278542,231.0,4.0,0.00548743075182338,36.0,0.3256470344390986
