number,value,datetime_start,datetime_complete,duration,params_colsample_bytree,params_gamma,params_learning_rate,params_max_depth,params_min_child_weight,params_reg_alpha,params_reg_lambda,params_subsample,user_attrs_avg_best_iteration,user_attrs_cv_accuracy,user_attrs_cv_logloss,user_attrs_fold_accs,user_attrs_fold_lls,state,model,cv_accuracy,cv_logloss,avg_best_iteration,params_min_child_samples,params_min_split_gain,params_num_leaves,params_auto_class_weights,params_bagging_temperature,params_border_count,params_depth,params_l2_leaf_reg,params_min_data_in_leaf,params_random_strength
71,0.5671489300626094,2026-04-14 23:12:47.194318,2026-04-14 23:12:52.336760,0 days 00:00:05.142442,0.5905490555077958,,0.04087244760343823,4.0,,1.2401494359011977,0.015225566736046244,0.943074149923108,171.6,0.7009433962264151,0.5671489300626094,"[0.6308962264150944, 0.6945754716981132, 0.6827830188679245, 0.7547169811320755, 0.7417452830188679]","[0.6215567759962733, 0.5871964812170355, 0.587747815247555, 0.5133302298091333, 0.5259133480430497]",COMPLETE,lgb,0.7009433962264151,0.5671489300626094,171.6,31.0,1.3229461269366958,87.0,,,,,,,
72,0.6007826491273492,2026-04-14 23:12:52.357124,2026-04-14 23:12:53.918052,0 days 00:00:01.560928,0.636826174080169,,0.06443422232108859,4.0,,3.786148997589136,0.015581927535383039,0.9409485109775736,,,,,,PRUNED,lgb,,,,28.0,1.276152172800236,77.0,,,,,,,
73,0.6025063389435017,2026-04-14 23:12:53.936976,2026-04-14 23:12:55.860087,0 days 00:00:01.923111,0.5968763564050817,,0.040093932841565136,4.0,,2.1479099850410814,1.7637726683144914,0.5065076736065384,,,,,,PRUNED,lgb,,,,32.0,1.1846282055028283,69.0,,,,,,,
74,0.5673378248212043,2026-04-14 23:12:55.875882,2026-04-14 23:13:01.862111,0 days 00:00:05.986229,0.6581612184174176,,0.03353292384677251,3.0,,0.6751419052686282,0.0066788852883908414,0.9664550221181588,244.2,0.7047169811320755,0.5673378248212043,"[0.6367924528301887, 0.6992924528301887, 0.6898584905660378, 0.7535377358490566, 0.7441037735849056]","[0.6196291197081649, 0.5854585057596103, 0.5889952449615506, 0.5123776760750816, 0.5302285776016141]",COMPLETE,lgb,0.7047169811320755,0.5673378248212043,244.2,35.0,1.383567650845315,102.0,,,,,,,
75,0.5692128452980076,2026-04-14 23:13:01.883197,2026-04-14 23:13:06.573180,0 days 00:00:04.689983,0.38455963983363667,,0.033284457786967495,3.0,,0.7404354665398136,0.006257698687744624,0.9149681572389742,235.2,0.6992924528301886,0.5692128452980076,"[0.6356132075471698, 0.6981132075471698, 0.6886792452830188, 0.75, 0.7240566037735849]","[0.6201453527665116, 0.5885736040222211, 0.5842376397869948, 0.5190569429061561, 0.5340506870081546]",COMPLETE,lgb,0.6992924528301886,0.5692128452980076,235.2,35.0,1.5029145574075526,106.0,,,,,,,
76,0.6057394616602286,2026-04-14 23:13:06.587456,2026-04-14 23:13:08.162288,0 days 00:00:01.574832,0.6649536827766925,,0.05483627901174619,6.0,,1.0062880155941105,0.0023669658624182193,0.9642545792213472,,,,,,PRUNED,lgb,,,,33.0,1.3962360767304354,88.0,,,,,,,
77,0.6011679534995973,2026-04-14 23:13:08.181508,2026-04-14 23:13:10.468154,0 days 00:00:02.286646,0.456756825942488,,0.02128577585882941,7.0,,5.482656719728921,0.001000877911520351,0.9842500789994262,,,,,,PRUNED,lgb,,,,30.0,1.3098300270748695,101.0,,,,,,,
78,0.5689254233323429,2026-04-14 23:13:10.486957,2026-04-14 23:13:16.974280,0 days 00:00:06.487323,0.42801917361212954,,0.02441192157607116,5.0,,1.6808199645099406,0.0034602326912098053,0.9451907642876957,255.8,0.7023584905660378,0.5689254233323429,"[0.6391509433962265, 0.7040094339622641, 0.6922169811320755, 0.7441037735849056, 0.7323113207547169]","[0.6217343733715842, 0.588104650611952, 0.589112579737618, 0.5149062935479736, 0.5307692193925866]",COMPLETE,lgb,0.7023584905660378,0.5689254233323429,255.8,37.0,1.5519524632346902,127.0,,,,,,,
79,0.6010184270952866,2026-04-14 23:13:16.988937,2026-04-14 23:13:18.921938,0 days 00:00:01.933001,0.6909388174772358,,0.029165001557848,3.0,,2.359826071607239,0.029122126565944102,0.8965981353358718,,,,,,PRUNED,lgb,,,,27.0,1.6301935919169848,123.0,,,,,,,
80,0.6059137254762573,2026-04-14 23:13:18.939386,2026-04-14 23:13:20.774126,0 days 00:00:01.834740,0.7340615084581612,,0.049930737061098115,6.0,,1.3499317378558708,0.008143248101675342,0.9990234019528433,,,,,,PRUNED,lgb,,,,19.0,1.1143458671544404,81.0,,,,,,,
81,0.6005704415844514,2026-04-14 23:13:20.793502,2026-04-14 23:13:22.286023,0 days 00:00:01.492521,0.648998550477417,,0.03880256528278389,3.0,,0.5520101457041259,0.013545115920209874,0.7768046124045407,,,,,,PRUNED,lgb,,,,35.0,1.430910788232261,94.0,,,,,,,
82,0.6010006554600191,2026-04-14 23:13:22.315179,2026-04-14 23:13:24.167059,0 days 00:00:01.851880,0.5894199953866969,,0.0453530049486557,4.0,,0.6811409714632511,0.011411395951225825,0.9701105900492811,,,,,,PRUNED,lgb,,,,31.0,1.169755918751088,73.0,,,,,,,
83,0.5675874969973405,2026-04-14 23:13:24.193774,2026-04-14 23:13:29.744560,0 days 00:00:05.550786,0.5622438280244669,,0.034219877344836724,3.0,,1.1367131448471934,0.004332158263124879,0.9589368764965825,240.6,0.7033018867924528,0.5675874969973405,"[0.6356132075471698, 0.7016509433962265, 0.6863207547169812, 0.7523584905660378, 0.7405660377358491]","[0.6186873866067767, 0.5861576908554997, 0.5899494342357333, 0.51154904481865, 0.5315939284700423]",COMPLETE,lgb,0.7033018867924528,0.5675874969973405,240.6,38.0,1.8172155929589588,82.0,,,,,,,
84,0.5684493217670307,2026-04-14 23:13:29.759993,2026-04-14 23:13:33.877756,0 days 00:00:04.117763,0.35600981930697917,,0.03382340033608265,3.0,,1.1530477427869232,0.006873026167449763,0.9307182428907709,232.2,0.7030660377358491,0.5684493217670307,"[0.6426886792452831, 0.7028301886792453, 0.6886792452830188, 0.7429245283018868, 0.7382075471698113]","[0.6172856725362285, 0.5859437792026856, 0.5850114316524907, 0.5162599632482922, 0.5377457621954564]",COMPLETE,lgb,0.7030660377358491,0.5684493217670307,232.2,37.0,1.843058304804455,87.0,,,,,,,
85,0.5794234053093472,2026-04-14 23:13:33.893867,2026-04-14 23:13:37.756493,0 days 00:00:03.862626,0.5592072384570992,,0.03545906276901628,3.0,,1.1327687552719203,0.00527992840194516,0.9328729376616823,,,,,,PRUNED,lgb,,,,39.0,1.824807073344932,82.0,,,,,,,
86,0.568848301722365,2026-04-14 23:13:37.779963,2026-04-14 23:13:41.919013,0 days 00:00:04.139050,0.350603151368414,,0.033763352715084516,3.0,,0.38415147268332206,0.0073272509919475905,0.9544230825568015,235.6,0.7035377358490565,0.568848301722365,"[0.6344339622641509, 0.7063679245283019, 0.6910377358490566, 0.7417452830188679, 0.7441037735849056]","[0.6169510982410256, 0.58921307384755, 0.5874294604198329, 0.5141902937281062, 0.5364575823753104]",COMPLETE,lgb,0.7035377358490565,0.568848301722365,235.6,37.0,1.6932182256953996,86.0,,,,,,,
87,0.5804304729978716,2026-04-14 23:13:41.938104,2026-04-14 23:13:46.392399,0 days 00:00:04.454295,0.6684749137592163,,0.026890999455552088,4.0,,0.034065951948739535,0.0202813633558085,0.9873221490525937,,,,,,PRUNED,lgb,,,,36.0,1.795100440190081,91.0,,,,,,,
88,0.5669275197296658,2026-04-14 23:13:46.413448,2026-04-14 23:13:50.972969,0 days 00:00:04.559521,0.5098783717726617,,0.041441122293693365,3.0,,1.891384389349383,0.00364988518967787,0.8724743582012581,224.0,0.7011792452830189,0.5669275197296658,"[0.6391509433962265, 0.7028301886792453, 0.6863207547169812, 0.7452830188679245, 0.7323113207547169]","[0.6160660380199813, 0.5859349713430783, 0.5891203524170477, 0.5137274885914718, 0.5297887482767498]",COMPLETE,lgb,0.7011792452830189,0.5669275197296658,224.0,39.0,1.8844138565633322,78.0,,,,,,,
89,0.5686454863145235,2026-04-14 23:13:50.994015,2026-04-14 23:13:54.446138,0 days 00:00:03.452123,0.5085176247609295,,0.05975436148791621,3.0,,1.798673731544618,0.0044338656638846985,0.8683936402844208,158.8,0.7028301886792454,0.5686454863145235,"[0.6450471698113207, 0.6933962264150944, 0.6933962264150944, 0.7358490566037735, 0.7464622641509434]","[0.6197417201380898, 0.5879275364659091, 0.587646819551475, 0.5175453833467379, 0.5303659720704053]",COMPLETE,lgb,0.7028301886792454,0.5686454863145235,158.8,41.0,1.9957399272819234,79.0,,,,,,,
90,0.5678552676936828,2026-04-14 23:13:54.469632,2026-04-14 23:13:58.765976,0 days 00:00:04.296344,0.5716546670928228,,0.042563669366198445,4.0,,0.8602272247002365,0.001816627673247906,0.880510648389622,146.6,0.7016509433962264,0.5678552676936828,"[0.6367924528301887, 0.6945754716981132, 0.6863207547169812, 0.7441037735849056, 0.7464622641509434]","[0.6220319282720239, 0.5883883013180099, 0.5889619554006473, 0.5114579838186646, 0.5284361696590677]",COMPLETE,lgb,0.7016509433962264,0.5678552676936828,146.6,34.0,1.9387961400232678,70.0,,,,,,,
91,0.6006315638252214,2026-04-14 23:13:58.781421,2026-04-14 23:14:00.116732,0 days 00:00:01.335311,0.5695030121348634,,0.05274061603454389,4.0,,0.9535866782531336,0.0018785053002319113,0.9054312583636901,,,,,,PRUNED,lgb,,,,34.0,1.8698867953133305,71.0,,,,,,,
92,0.6003130288928497,2026-04-14 23:14:00.135990,2026-04-14 23:14:01.601695,0 days 00:00:01.465705,0.535072561250714,,0.0427353971822226,4.0,,0.7883796632004799,0.001454538131066027,0.9712010364957537,,,,,,PRUNED,lgb,,,,39.0,1.9580986058272027,65.0,,,,,,,
93,0.568635036891963,2026-04-14 23:14:01.621481,2026-04-14 23:14:06.188790,0 days 00:00:04.567309,0.5974050412254929,,0.04840239390844235,3.0,,1.3680063341813917,0.0024738190553893345,0.8380347295881004,181.2,0.7009433962264151,0.568635036891963,"[0.6391509433962265, 0.6969339622641509, 0.6792452830188679, 0.7429245283018868, 0.7464622641509434]","[0.6191673733328789, 0.5914783657433935, 0.5861446074645477, 0.5149763098162119, 0.5314085281027825]",COMPLETE,lgb,0.7009433962264151,0.568635036891963,181.2,33.0,1.7415156245911896,60.0,,,,,,,
94,0.5684241911759685,2026-04-14 23:14:06.204711,2026-04-14 23:14:10.147598,0 days 00:00:03.942887,0.6320331578050844,,0.03906334710311176,4.0,,2.74868136987155,0.0018978226167697823,0.8743023103283178,168.4,0.7023584905660377,0.5684241911759685,"[0.6391509433962265, 0.7028301886792453, 0.6816037735849056, 0.7464622641509434, 0.7417452830188679]","[0.6236343334455802, 0.5867981853045221, 0.5879223270185377, 0.5167340338627523, 0.5270320762484504]",COMPLETE,lgb,0.7023584905660377,0.5684241911759685,168.4,35.0,1.9079524068118308,77.0,,,,,,,
95,0.5687819644086055,2026-04-14 23:14:10.162386,2026-04-14 23:14:14.294523,0 days 00:00:04.132137,0.5532478629699782,,0.0455114368743403,3.0,,0.5165489537260247,0.0036757059042237567,0.8856486260039826,186.2,0.7007075471698113,0.5687819644086055,"[0.6332547169811321, 0.6945754716981132, 0.6922169811320755, 0.75, 0.7334905660377359]","[0.6175681092119756, 0.5909705079973484, 0.5894518096099618, 0.5146716931232314, 0.5312477021005106]",COMPLETE,lgb,0.7007075471698113,0.5687819644086055,186.2,38.0,1.9414854179628456,50.0,,,,,,,
96,0.6007636900894686,2026-04-14 23:14:14.307536,2026-04-14 23:14:15.537111,0 days 00:00:01.229575,0.518439441144507,,0.06861671094241993,4.0,,2.0636036080999633,0.010207964844029048,0.9203787256023707,,,,,,PRUNED,lgb,,,,32.0,1.6767976311016703,70.0,,,,,,,
97,0.6024904894780452,2026-04-14 23:14:15.552199,2026-04-14 23:14:16.794638,0 days 00:00:01.242439,0.4744274506655588,,0.08367689183640042,8.0,,3.616177719806608,0.0029065642639820957,0.8227070091319909,,,,,,PRUNED,lgb,,,,29.0,1.7969497906684886,56.0,,,,,,,
98,0.5679749088375824,2026-04-14 23:14:16.811380,2026-04-14 23:14:23.423839,0 days 00:00:06.612459,0.6059716426877023,,0.03063048035947727,4.0,,0.1315794359530342,0.001274930056603904,0.8545502053466096,204.8,0.7049528301886792,0.5679749088375824,"[0.6332547169811321, 0.7004716981132075, 0.6945754716981132, 0.7547169811320755, 0.7417452830188679]","[0.6207952733830497, 0.5853947985731783, 0.590620569942952, 0.515456076908517, 0.5276078253802149]",COMPLETE,lgb,0.7049528301886792,0.5679749088375824,204.8,36.0,1.356821545663249,122.0,,,,,,,
99,0.6033128604435954,2026-04-14 23:14:23.437749,2026-04-14 23:14:26.102380,0 days 00:00:02.664631,0.6087028843676933,,0.030347211362743785,7.0,,0.12541736694464864,0.005026024327111558,0.8571177339219005,,,,,,PRUNED,lgb,,,,42.0,1.37389824132495,117.0,,,,,,,
0,0.6020871035626466,2026-04-14 23:14:26.606299,2026-04-14 23:14:31.344311,0 days 00:00:04.738012,,,0.2536999076681772,,,,,0.8659969709057025,12.8,0.6768867924528302,0.6020871035626466,"[0.6096698113207547, 0.6639150943396226, 0.6768867924528302, 0.7063679245283019, 0.7275943396226415]","[0.655552221475381, 0.6193181979638457, 0.614301311872087, 0.561300140380496, 0.5599636461214234]",COMPLETE,cat,0.6768867924528302,0.6020871035626466,12.8,,,,Balanced,0.2904180608409973,226.0,5.0,0.24810409748678125,8.0,0.7799726016810132
1,0.5897927288537786,2026-04-14 23:14:31.369590,2026-04-14 23:14:33.691310,0 days 00:00:02.321720,,,0.2708160864249968,,,,,0.9162213204002109,20.4,0.6891509433962264,0.5897927288537786,"[0.6049528301886793, 0.6721698113207547, 0.6933962264150944, 0.7346698113207547, 0.7405660377358491]","[0.6544445967950432, 0.6036741650173733, 0.5999401343315358, 0.5378027195995918, 0.5531020285253492]",COMPLETE,cat,0.6891509433962264,0.5897927288537786,20.4,,,,,1.5212112147976886,149.0,3.0,0.0070689749506246055,10.0,0.9170225492671691
2,0.5965565500781939,2026-04-14 23:14:33.711586,2026-04-14 23:15:55.280731,0 days 00:01:21.569145,,,0.01607123851203988,,,,,0.6460723242676091,377.2,0.6764150943396225,0.5965565500781939,"[0.5825471698113207, 0.6674528301886793, 0.6804245283018868, 0.7216981132075472, 0.7299528301886793]","[0.6665209560900026, 0.6162746945298094, 0.6069735655414242, 0.5359947783331401, 0.5570187558965926]",COMPLETE,cat,0.6764150943396225,0.5965565500781939,377.2,,,,,0.9983689107917987,147.0,7.0,0.029204338471814112,23.0,3.925879806965068
3,0.5769323700771108,2026-04-14 23:15:55.294302,2026-04-14 23:17:06.238386,0 days 00:01:10.944084,,,0.0178601378893971,,,,,0.5325257964926398,648.6,0.6997641509433963,0.5769323700771108,"[0.6238207547169812, 0.7004716981132075, 0.7004716981132075, 0.7346698113207547, 0.7393867924528302]","[0.6438588262717388, 0.5902044153277672, 0.584028299391079, 0.5311927728987088, 0.5353775364962605]",COMPLETE,cat,0.6997641509433963,0.5769323700771108,648.6,,,,,1.5230688458668533,53.0,7.0,6.245139574743075,49.0,4.041986740582305
4,0.5685700563525381,2026-04-14 23:17:06.267886,2026-04-14 23:17:19.063839,0 days 00:00:12.795953,,,0.05388108577817234,,,,,0.5171942605576092,312.8,0.7035377358490567,0.5685700563525381,"[0.6403301886792453, 0.6922169811320755, 0.6992924528301887, 0.75, 0.7358490566037735]","[0.6265977452590311, 0.5839224765654621, 0.5796341473139537, 0.5239414489913458, 0.5287544636328975]",COMPLETE,cat,0.7035377358490567,0.5685700563525381,312.8,,,,,1.5585553804470549,148.0,3.0,4.337920697490942,13.0,3.31261142176991
5,0.6012715095347476,2026-04-14 23:17:19.083808,2026-04-14 23:17:56.336481,0 days 00:00:37.252673,,,0.13962563737015762,,,,,0.9697494707820946,67.6,0.6735849056603774,0.6012715095347476,"[0.6132075471698113, 0.6686320754716981, 0.6462264150943396, 0.7311320754716981, 0.7087264150943396]","[0.6476468201382163, 0.6228520719736441, 0.6262704191663874, 0.5511792843163269, 0.5584089520791637]",COMPLETE,cat,0.6735849056603774,0.6012715095347476,67.6,,,,Balanced,0.4424625102595975,75.0,9.0,3.7958531426706403,30.0,4.609371175115584
6,0.5880403389456554,2026-04-14 23:17:56.349425,2026-04-14 23:18:34.298240,0 days 00:00:37.948815,,,0.02516607127550297,,,,,0.9143687545759647,359.0,0.686556603773585,0.5880403389456554,"[0.6238207547169812, 0.660377358490566, 0.6804245283018868, 0.7299528301886793, 0.7382075471698113]","[0.6556803987162317, 0.6240170066618994, 0.5920559952290949, 0.5365435154950013, 0.5319047786260499]",COMPLETE,cat,0.686556603773585,0.5880403389456554,359.0,,,,Balanced,0.7046211248738132,211.0,5.0,0.026730883107816707,15.0,2.7134804157912424
7,0.5758004567962148,2026-04-14 23:18:34.311903,2026-04-14 23:20:08.737616,0 days 00:01:34.425713,,,0.019657448966046126,,,,,0.5027610585618012,561.4,0.6959905660377359,0.5758004567962148,"[0.6367924528301887, 0.6792452830188679, 0.6922169811320755, 0.7287735849056604, 0.7429245283018868]","[0.6246323766220709, 0.6108012622669031, 0.5862520228309671, 0.5277213807352433, 0.5295952415258897]",COMPLETE,cat,0.6959905660377359,0.5758004567962148,561.4,,,,,3.8563517334297286,48.0,8.0,1.8274508859816028,36.0,3.6450358402049368
8,0.6295161579457205,2026-04-14 23:20:08.752751,2026-04-14 23:20:37.423238,0 days 00:00:28.670487,,,0.08330803890301997,,,,,0.6654490124263246,16.0,0.644811320754717,0.6295161579457205,"[0.5577830188679245, 0.6238207547169812, 0.6438679245283019, 0.6851415094339622, 0.7134433962264151]","[0.6798974010502711, 0.6556453472798615, 0.6346854386721547, 0.6029282172762149, 0.5744243854500997]",COMPLETE,cat,0.644811320754717,0.6295161579457205,16.0,,,,,3.64803089169032,174.0,9.0,0.0017956984225677636,16.0,1.6259166101337352
9,0.5909829288972565,2026-04-14 23:20:37.437855,2026-04-14 23:20:43.087209,0 days 00:00:05.649354,,,0.1131225105716033,,,,,0.8803925243084487,111.4,0.6875,0.5909829288972565,"[0.6120283018867925, 0.6615566037735849, 0.6827830188679245, 0.7311320754716981, 0.75]","[0.6666743229409077, 0.610283166469888, 0.6001277698391642, 0.5398303905606248, 0.5379989946756977]",COMPLETE,cat,0.6875,0.5909829288972565,111.4,,,,Balanced,2.6136641469099704,127.0,3.0,0.17583640270008521,39.0,2.4689779818219537
10,0.5706503961028402,2026-04-14 23:20:43.103381,2026-04-14 23:20:56.264517,0 days 00:00:13.161136,,,0.0500220915772748,,,,,0.7590185822472575,251.6,0.7051886792452831,0.5706503961028402,"[0.6462264150943396, 0.6945754716981132, 0.6981132075471698, 0.7393867924528302, 0.7476415094339622]","[0.6330480572905254, 0.5852981653884792, 0.5765688740557885, 0.5268753833294438, 0.5314615004499644]",COMPLETE,cat,0.7051886792452831,0.5706503961028402,251.6,,,,,4.7988537297270994,104.0,4.0,0.7241143052589115,2.0,2.7047195408777394
11,0.574173662116995,2026-04-14 23:20:56.277154,2026-04-14 23:21:10.420199,0 days 00:00:14.143045,,,0.0422418554708793,,,,,0.7792623653896451,260.0,0.6964622641509435,0.574173662116995,"[0.6108490566037735, 0.6910377358490566, 0.6992924528301887, 0.7476415094339622, 0.7334905660377359]","[0.6413792526975085, 0.5911743105811723, 0.5801641440083926, 0.5244522531409952, 0.5336983501569061]",COMPLETE,cat,0.6964622641509435,0.574173662116995,260.0,,,,,4.7213970919346835,111.0,4.0,0.8145039443050577,2.0,2.730103545663009
12,0.5755560977835746,2026-04-14 23:21:10.433646,2026-04-14 23:21:21.648111,0 days 00:00:11.214465,,,0.04572939823498841,,,,,0.7508470552326313,216.2,0.6969339622641509,0.5755560977835746,"[0.5990566037735849, 0.6933962264150944, 0.7075471698113207, 0.7523584905660378, 0.7323113207547169]","[0.6462610075469056, 0.5928428596274707, 0.5794409190184331, 0.5233380148194884, 0.5358976879055755]",COMPLETE,cat,0.6969339622641509,0.5755560977835746,216.2,,,,,2.6981005340139883,94.0,4.0,0.5729891581071085,1.0,1.8874714269275887
13,0.5691529381928191,2026-04-14 23:21:21.666879,2026-04-14 23:21:38.579218,0 days 00:00:16.912339,,,0.057486995262846105,,,,,0.6214869869747515,264.8,0.7056603773584905,0.5691529381928191,"[0.6509433962264151, 0.6933962264150944, 0.7016509433962265, 0.7393867924528302, 0.7429245283018868]","[0.6281457539000882, 0.5792978435722304, 0.5802223990459774, 0.5270657031244582, 0.5310329913213412]",COMPLETE,cat,0.7056603773584905,0.5691529381928191,264.8,,,,,4.772091754397456,186.0,4.0,9.941450502972591,20.0,3.3130074119448287
14,0.5680837765899535,2026-04-14 23:21:38.594072,2026-04-14 23:21:57.637926,0 days 00:00:19.043854,,,0.03255900240634263,,,,,0.5926298696920421,444.4,0.7077830188679245,0.5680837765899535,"[0.6450471698113207, 0.7063679245283019, 0.7040094339622641, 0.7464622641509434, 0.7370283018867925]","[0.6189935162550334, 0.5852514311102615, 0.5787606411155426, 0.5235370868490788, 0.5338762076198511]",COMPLETE,cat,0.7077830188679245,0.5680837765899535,444.4,,,,,2.0760330818165,187.0,3.0,9.639798532690996,23.0,3.4945672290244225
15,0.5754687369922273,2026-04-14 23:21:57.661726,2026-04-14 23:22:19.852015,0 days 00:00:22.190289,,,0.030560439398829253,,,,,0.5736494341677159,444.0,0.6985849056603775,0.5754687369922273,"[0.5919811320754716, 0.7063679245283019, 0.6981132075471698, 0.7476415094339622, 0.7488207547169812]","[0.656896281059082, 0.5839984539538242, 0.5798657225389895, 0.5235991547394698, 0.5329840726697705]",COMPLETE,cat,0.6985849056603775,0.5754687369922273,444.0,,,,,1.8153354286555041,254.0,3.0,2.5683275408325796,28.0,4.913430783889023
16,0.6249826965858926,2026-04-14 23:22:19.874261,2026-04-14 23:22:47.400822,0 days 00:00:27.526561,,,0.010737220541389723,,,,,0.5856723384620987,,,,,,PRUNED,cat,,,,,,,,2.366771162277817,175.0,6.0,0.05519180548370288,13.0,3.439561924234031
17,0.6090636936296461,2026-04-14 23:22:47.416719,2026-04-14 23:22:55.465097,0 days 00:00:08.048378,,,0.07934237918397927,,,,,0.701762754231441,,,,,,PRUNED,cat,,,,,,,,3.268548079220718,203.0,5.0,1.703021670909712,20.0,4.449079864842906
18,0.5752160809216781,2026-04-14 23:22:55.478048,2026-04-14 23:23:12.993584,0 days 00:00:17.515536,,,0.03146669938150976,,,,,0.5600598976608228,442.8,0.6981132075471697,0.5752160809216781,"[0.6591981132075472, 0.6816037735849056, 0.6757075471698113, 0.7287735849056604, 0.7452830188679245]","[0.6197384411754827, 0.5960784366267903, 0.5842647563927376, 0.5363091479928801, 0.5396896224205]",COMPLETE,cat,0.6981132075471697,0.5752160809216781,442.8,,,,Balanced,2.1837745868712672,157.0,3.0,7.930559319773263,32.0,2.1325280364715797
19,0.6519927365376054,2026-04-14 23:23:13.006680,2026-04-14 23:23:16.670682,0 days 00:00:03.664002,,,0.16442069063917322,,,,,0.506065043634846,,,,,,PRUNED,cat,,,,,,,,1.1780050218752756,241.0,6.0,0.2887321925795485,44.0,3.367182852177075
