number,value,datetime_start,datetime_complete,duration,params_colsample_bytree,params_gamma,params_learning_rate,params_max_depth,params_min_child_weight,params_reg_alpha,params_reg_lambda,params_subsample,user_attrs_avg_best_iteration,user_attrs_cv_accuracy,user_attrs_cv_logloss,user_attrs_fold_accs,user_attrs_fold_lls,state,model,cv_accuracy,cv_logloss,avg_best_iteration,params_min_child_samples,params_min_split_gain,params_num_leaves,params_auto_class_weights,params_bagging_temperature,params_border_count,params_depth,params_l2_leaf_reg,params_min_data_in_leaf,params_random_strength
20,0.5733315373028289,2026-04-14 23:23:16.684926,2026-04-14 23:23:28.423444,0 days 00:00:11.738518,,,0.0724875590194137,,,,,0.6079449028649575,135.8,0.7042452830188679,0.5733315373028289,"[0.6415094339622641, 0.6992924528301887, 0.7016509433962265, 0.7299528301886793, 0.7488207547169812]","[0.6303550754464097, 0.5869425041366164, 0.5783139837301781, 0.5389076503035207, 0.5321384728974196]",COMPLETE,cat,0.7042452830188679,0.5733315373028289,135.8,,,,,2.9724886987012917,130.0,5.0,1.4229022620494547,26.0,1.2003924643686859
21,0.570218799062348,2026-04-14 23:23:28.436962,2026-04-14 23:23:43.925794,0 days 00:00:15.488832,,,0.05837598566557314,,,,,0.6242933866914708,233.6,0.7040094339622642,0.570218799062348,"[0.6450471698113207, 0.6933962264150944, 0.6981132075471698, 0.7488207547169812, 0.7346698113207547]","[0.6323821942465149, 0.586052324624029, 0.5789048021495871, 0.5218854627871027, 0.5318692115045063]",COMPLETE,cat,0.7040094339622642,0.570218799062348,233.6,,,,,1.9230934369435202,188.0,4.0,9.137596177655865,21.0,3.1221243926567985
22,0.5691765308384127,2026-04-14 23:23:43.941257,2026-04-14 23:24:00.293270,0 days 00:00:16.352013,,,0.040173260200941426,,,,,0.6905075214505807,359.6,0.7056603773584905,0.5691765308384127,"[0.6356132075471698, 0.6969339622641509, 0.7087264150943396, 0.7476415094339622, 0.7393867924528302]","[0.6256639022951929, 0.5869884581164209, 0.5746721745957646, 0.5256412160150551, 0.5329169031696301]",COMPLETE,cat,0.7056603773584905,0.5691765308384127,359.6,,,,,4.305812897421664,192.0,3.0,3.8319392767270144,18.0,3.089160846941545
23,0.5718982203866962,2026-04-14 23:24:00.337424,2026-04-14 23:24:27.373080,0 days 00:00:27.035656,,,0.030962761547005387,,,,,0.534876837445346,448.6,0.7011792452830188,0.5718982203866962,"[0.6108490566037735, 0.7004716981132075, 0.7063679245283019, 0.7547169811320755, 0.7334905660377359]","[0.6483939272663777, 0.580064996595676, 0.5746505401484779, 0.5240364688872099, 0.5323451690357397]",COMPLETE,cat,0.7011792452830188,0.5718982203866962,448.6,,,,,3.251812139410542,169.0,4.0,9.935138101942607,10.0,3.9379496133278376
24,0.567226962603193,2026-04-14 23:24:27.386939,2026-04-14 23:24:36.671163,0 days 00:00:09.284224,,,0.059096853893279386,,,,,0.7075308811431567,178.4,0.6985849056603775,0.567226962603193,"[0.6226415094339622, 0.6886792452830188, 0.6969339622641509, 0.7547169811320755, 0.7299528301886793]","[0.6206961149609184, 0.5766630047380276, 0.5781236328646309, 0.5221250935356427, 0.5385269669167458]",COMPLETE,cat,0.6985849056603775,0.567226962603193,178.4,,,,,1.4342365536184079,218.0,3.0,4.091177301917972,23.0,0.15810827673846006
25,0.5726988932681654,2026-04-14 23:24:36.699369,2026-04-14 23:24:42.639043,0 days 00:00:05.939674,,,0.10430056694500535,,,,,0.8082071658887613,95.8,0.6974056603773585,0.5726988932681654,"[0.6332547169811321, 0.6875, 0.6886792452830188, 0.7299528301886793, 0.7476415094339622]","[0.627291694630876, 0.5936800790084825, 0.5819817216861561, 0.5250144272413919, 0.5355265437739205]",COMPLETE,cat,0.6974056603773585,0.5726988932681654,95.8,,,,,1.183137323632171,222.0,3.0,3.537362005314271,24.0,0.4601012779936955
26,0.6067341033936118,2026-04-14 23:24:42.656963,2026-04-14 23:24:47.330368,0 days 00:00:04.673405,,,0.06741155968879134,,,,,0.7092111744661205,,,,,,PRUNED,cat,,,,,,,Balanced,1.692063219224494,226.0,3.0,0.9764851651613752,34.0,1.5780824542240182
27,0.6129898115249431,2026-04-14 23:24:47.344339,2026-04-14 23:25:02.540335,0 days 00:00:15.195996,,,0.023202658431723373,,,,,0.8126612428690921,,,,,,PRUNED,cat,,,,,,,,2.2305427858362727,130.0,6.0,0.40788170309688127,7.0,2.2522949310650886
28,0.6095692392149473,2026-04-14 23:25:02.556646,2026-04-14 23:25:13.779799,0 days 00:00:11.223153,,,0.0376205387387484,,,,,0.6664153361690446,,,,,,PRUNED,cat,,,,,,,,0.7669575320784469,208.0,4.0,0.10668679546226283,28.0,4.271393907501209
29,0.6098597822699684,2026-04-14 23:25:13.793794,2026-04-14 23:25:16.118821,0 days 00:00:02.325027,,,0.19657587241695917,,,,,0.5938241184019404,,,,,,PRUNED,cat,,,,,,,Balanced,0.10820821615356713,231.0,5.0,4.60150450596184,7.0,0.009020272816696956
30,0.5677029791182322,2026-04-14 23:25:16.133272,2026-04-14 23:25:21.610623,0 days 00:00:05.477351,,,0.09318312031655651,,,,,0.5444111699665868,106.6,0.7077830188679245,0.5677029791182322,"[0.6367924528301887, 0.7099056603773585, 0.7110849056603774, 0.75, 0.7311320754716981]","[0.6218575471974517, 0.5831861962745096, 0.5789682904771456, 0.5135659986500835, 0.540936862991971]",COMPLETE,cat,0.7077830188679245,0.5677029791182322,106.6,,,,,1.9870813054124636,159.0,3.0,2.66363073287693,12.0,0.11394514337903758
31,0.5691723427029735,2026-04-14 23:25:21.624183,2026-04-14 23:25:28.195149,0 days 00:00:06.570966,,,0.0915349049266672,,,,,0.5495672873566992,127.4,0.7033018867924529,0.5691723427029735,"[0.6344339622641509, 0.6992924528301887, 0.6957547169811321, 0.7441037735849056, 0.7429245283018868]","[0.6235394272907712, 0.582370135963491, 0.5774427903056489, 0.5294483357397382, 0.5330610242152184]",COMPLETE,cat,0.7033018867924529,0.5691723427029735,127.4,,,,,2.003793323880897,168.0,3.0,2.284442382458895,14.0,0.09095702639055638
32,0.5731791130606899,2026-04-14 23:25:28.208278,2026-04-14 23:25:32.474678,0 days 00:00:04.266400,,,0.12624192289350913,,,,,0.5302390434530806,83.4,0.6959905660377359,0.5731791130606899,"[0.6308962264150944, 0.6922169811320755, 0.6898584905660378, 0.7358490566037735, 0.7311320754716981]","[0.6245155299238947, 0.5879974224190914, 0.5855428475805268, 0.5355138857374766, 0.53232587964246]",COMPLETE,cat,0.6959905660377359,0.5731791130606899,83.4,,,,,1.4286027958640426,141.0,3.0,1.262375923099572,11.0,0.6308296411009587
33,0.5675191423344997,2026-04-14 23:25:32.489155,2026-04-14 23:25:41.866160,0 days 00:00:09.377005,,,0.05931487536544247,,,,,0.6467370305183838,209.4,0.7014150943396226,0.5675191423344997,"[0.6320754716981132, 0.7004716981132075, 0.6922169811320755, 0.75, 0.7323113207547169]","[0.6211104586929433, 0.5841683525845334, 0.5778931093223735, 0.5235981623606719, 0.5308256287119769]",COMPLETE,cat,0.7014150943396226,0.5675191423344997,209.4,,,,,1.354127495228194,151.0,3.0,4.47116716757493,17.0,0.9691030257782732
34,0.6045312356426905,2026-04-14 23:25:41.883044,2026-04-14 23:25:43.881556,0 days 00:00:01.998512,,,0.2112690232293965,,,,,0.6413855680931283,,,,,,PRUNED,cat,,,,,,,,1.2842532834274252,158.0,4.0,5.873171520972475,22.0,1.045957491909324
35,0.5737216377235589,2026-04-14 23:25:43.895191,2026-04-14 23:25:50.379601,0 days 00:00:06.484410,,,0.06685245712226197,,,,,0.7280757308065164,,,,,,PRUNED,cat,,,,,,,,0.726710605769029,196.0,3.0,0.006275141729005719,18.0,0.29593060758639733
36,0.5674182552740248,2026-04-14 23:25:50.394162,2026-04-14 23:28:09.371870,0 days 00:02:18.977708,,,0.01476438804061738,,,,,0.6705415578485718,485.4,0.707311320754717,0.5674182552740248,"[0.6391509433962265, 0.7158018867924528, 0.6898584905660378, 0.7441037735849056, 0.7476415094339622]","[0.6247202386681031, 0.5811287740814687, 0.5779452248468233, 0.5250351484741504, 0.5282618902995785]",COMPLETE,cat,0.707311320754717,0.5674182552740248,485.4,,,,,1.986453346604069,217.0,7.0,2.576998125815286,17.0,0.8181621993362141
37,0.5693070243588622,2026-04-14 23:28:09.388347,2026-04-14 23:30:39.291538,0 days 00:02:29.903191,,,0.014474943131791696,,,,,0.6639230138511327,417.0,0.7054245283018867,0.5693070243588622,"[0.6474056603773585, 0.7028301886792453, 0.6898584905660378, 0.7429245283018868, 0.7441037735849056]","[0.6173104102988123, 0.5885190829291984, 0.5792416689126229, 0.5308045575637821, 0.5306594020898954]",COMPLETE,cat,0.7054245283018867,0.5693070243588622,417.0,,,,,1.616904419437957,251.0,7.0,2.449640394965481,17.0,0.6797568302967993
38,0.6123869595681753,2026-04-14 23:30:39.306634,2026-04-14 23:30:47.597256,0 days 00:00:08.290622,,,0.09853528709494475,,,,,0.7186433152791114,,,,,,PRUNED,cat,,,,,,,Balanced,1.0064724365568747,215.0,7.0,0.5018941504361973,8.0,1.2383467601920086
39,0.5666859086144906,2026-04-14 23:30:47.614908,2026-04-14 23:33:03.767715,0 days 00:02:16.152807,,,0.01074930901631478,,,,,0.680716141435093,644.4,0.7056603773584905,0.5666859086144906,"[0.6367924528301887, 0.6992924528301887, 0.7051886792452831, 0.7441037735849056, 0.7429245283018868]","[0.6170880579044217, 0.5862681997736202, 0.5788718500448498, 0.5183114921079636, 0.5328899432415979]",COMPLETE,cat,0.7056603773584905,0.5666859086144906,644.4,,,,,0.4467679389218091,66.0,8.0,2.857715993522319,5.0,0.8979315902161913
40,0.5701862013277658,2026-04-14 23:33:03.786496,2026-04-14 23:35:34.537907,0 days 00:02:30.751411,,,0.010912992762768676,,,,,0.6747562456476686,673.4,0.7077830188679245,0.5701862013277658,"[0.6497641509433962, 0.7004716981132075, 0.7134433962264151, 0.7417452830188679, 0.7334905660377359]","[0.616952500770268, 0.5929205182110443, 0.5839067461037095, 0.5232670604050909, 0.5338841811487159]",COMPLETE,cat,0.7077830188679245,0.5701862013277658,673.4,,,,,0.32380282765599433,73.0,8.0,5.257942679150942,4.0,0.8876635916581361
41,0.5658898084717034,2026-04-14 23:35:34.552813,2026-04-14 23:36:42.405487,0 days 00:01:07.852674,,,0.013943116780134197,,,,,0.6426192474427517,422.4,0.7080188679245284,0.5658898084717034,"[0.6485849056603774, 0.7087264150943396, 0.6922169811320755, 0.7429245283018868, 0.7476415094339622]","[0.6138588734767045, 0.5825815011030743, 0.5815436841451713, 0.5191264183261831, 0.5323385653073841]",COMPLETE,cat,0.7080188679245284,0.5658898084717034,422.4,,,,,0.5392442446219039,35.0,8.0,2.890329493776904,5.0,0.37676315684987927
42,0.5995784442313205,2026-04-14 23:36:42.423130,2026-04-14 23:36:59.034929,0 days 00:00:16.611799,,,0.015446186632916224,,,,,0.6870021315755892,,,,,,PRUNED,cat,,,,,,,,0.5663345223794191,36.0,8.0,1.2959562338562816,5.0,0.3891981138744945
43,,2026-04-14 23:36:59.047469,,,,,0.013002554076720853,,,,,0.6493509888583862,,,,,,RUNNING,cat,,,,,,,,0.06604071718931809,63.0,8.0,3.2992787329882214,9.0,0.767422496387805
44,0.6008575768054502,2026-04-14 23:38:08.595002,2026-04-14 23:39:01.023311,0 days 00:00:52.428309,,,0.0128162880541117,,,,,0.6442545907946048,,,,,,PRUNED,cat,,,,,,,,0.027005356429464333,63.0,8.0,3.3998909575365635,5.0,1.5028241152467303
45,0.5693730630067819,2026-04-14 23:39:01.047522,2026-04-14 23:40:45.037208,0 days 00:01:43.989686,,,0.020079339451646715,,,,,0.7263621068074445,393.0,0.6966981132075473,0.5693730630067819,"[0.6426886792452831, 0.6992924528301887, 0.6816037735849056, 0.7299528301886793, 0.7299528301886793]","[0.6167440464475972, 0.5924373218669786, 0.5836283861594836, 0.5257977370168513, 0.5282578235429984]",COMPLETE,cat,0.6966981132075473,0.5693730630067819,393.0,,,,,0.8742891611849618,38.0,9.0,5.724740765701116,15.0,0.7078165397414173
46,0.60403658938715,2026-04-14 23:40:45.053531,2026-04-14 23:41:00.231226,0 days 00:00:15.177695,,,0.010127196865108783,,,,,0.7813948415664244,,,,,,PRUNED,cat,,,,,,,,1.0903284979510104,53.0,7.0,0.019367283524941683,26.0,1.061360334541194
47,0.5734681237087734,2026-04-14 23:41:00.247967,2026-04-14 23:42:25.071055,0 days 00:01:24.823088,,,0.012714401565309827,,,,,0.6375243619989645,,,,,,PRUNED,cat,,,,,,,Balanced,0.4359904071174535,83.0,8.0,0.8387744815011882,9.0,0.45544438696043626
48,0.6078733301613058,2026-04-14 23:42:25.106835,2026-04-14 23:42:57.452178,0 days 00:00:32.345343,,,0.018507149592331656,,,,,0.6564557030741694,,,,,,PRUNED,cat,,,,,,,,1.476132036865056,48.0,9.0,0.23727234249967136,4.0,1.2861914281797517
49,0.6180637444008781,2026-04-14 23:42:57.474855,2026-04-14 23:43:06.647323,0 days 00:00:09.172468,,,0.0245586266823747,,,,,0.984634926024359,,,,,,PRUNED,cat,,,,,,,,0.5358335041860935,63.0,7.0,0.0011065136021090993,40.0,1.813527606552727
50,0.5681349880087765,2026-04-14 23:43:06.671251,2026-04-14 23:45:40.408647,0 days 00:02:33.737396,,,0.013011086120142876,,,,,0.7374326818467014,515.8,0.7063679245283019,0.5681349880087765,"[0.6426886792452831, 0.7004716981132075, 0.7028301886792453, 0.7417452830188679, 0.7441037735849056]","[0.6200246635694447, 0.5846071219636052, 0.5824680173217465, 0.5291217599667126, 0.5244533772223738]",COMPLETE,cat,0.7063679245283019,0.5681349880087765,515.8,,,,,0.9375220851061814,108.0,8.0,1.9202482762337194,1.0,0.8317881540077577
51,0.5677660649171793,2026-04-14 23:45:40.422877,2026-04-14 23:46:25.549332,0 days 00:00:45.126455,,,0.017431557924880242,,,,,0.6251161920098318,351.8,0.7049528301886793,0.5677660649171793,"[0.6474056603773585, 0.7063679245283019, 0.6933962264150944, 0.7488207547169812, 0.7287735849056604]","[0.6187865224622795, 0.579909794468536, 0.5796466081427223, 0.5248758899055431, 0.5356115096068158]",COMPLETE,cat,0.7049528301886793,0.5677660649171793,351.8,,,,,0.2705240028014016,33.0,8.0,6.487710160423129,16.0,0.21844236406027506
52,0.5813339328613558,2026-04-14 23:46:25.564262,2026-04-14 23:46:40.931646,0 days 00:00:15.367384,,,0.04974522247103407,,,,,0.6884979853831891,,,,,,PRUNED,cat,,,,,,,,2.432408988658296,140.0,7.0,3.0670426349745328,12.0,0.5604037308524676
53,0.6118429976801144,2026-04-14 23:46:40.949344,2026-04-14 23:47:00.582075,0 days 00:00:19.632731,,,0.08223449520315748,,,,,0.7653554253891911,,,,,,PRUNED,cat,,,,,,,,2.780387833970531,120.0,9.0,2.0252902058000912,19.0,0.16791126151509417
54,0.5659835506223291,2026-04-14 23:47:00.597519,2026-04-14 23:48:08.486277,0 days 00:01:07.888758,,,0.014105586713552599,,,,,0.600965380722987,469.6,0.7007075471698114,0.5659835506223291,"[0.6391509433962265, 0.6851415094339622, 0.6922169811320755, 0.7441037735849056, 0.7429245283018868]","[0.6195077374169203, 0.5862032021949592, 0.5776905636330758, 0.520358358313055, 0.5261578915536348]",COMPLETE,cat,0.7007075471698114,0.5659835506223291,469.6,,,,,1.7103326936628755,84.0,7.0,1.1566159434390693,12.0,0.28568359080318406
55,0.6015756979591216,2026-04-14 23:48:08.501279,2026-04-14 23:48:21.288047,0 days 00:00:12.786768,,,0.02210125265882817,,,,,0.5691434500840888,,,,,,PRUNED,cat,,,,,,,,1.3543856980298659,93.0,6.0,1.1815886217552252,14.0,0.9973758934469314
56,0.567918995286787,2026-04-14 23:48:21.303518,2026-04-14 23:49:26.693845,0 days 00:01:05.390327,,,0.011798903070809344,,,,,0.6075051727180265,415.4,0.707311320754717,0.567918995286787,"[0.6415094339622641, 0.7099056603773585, 0.6957547169811321, 0.7476415094339622, 0.7417452830188679]","[0.6194675589970059, 0.5807077117811166, 0.5823325040618197, 0.5266390682238145, 0.5304481333701782]",COMPLETE,cat,0.707311320754717,0.567918995286787,415.4,,,,,1.6690749534718987,99.0,7.0,0.5973886933448888,10.0,0.3454508439136245
57,0.5693483172415827,2026-04-14 23:49:26.708952,2026-04-14 23:50:18.882186,0 days 00:00:52.173234,,,0.014993868018688742,,,,,0.7020216890186812,588.2,0.7068396226415095,0.5693483172415827,"[0.6462264150943396, 0.6969339622641509, 0.7016509433962265, 0.7488207547169812, 0.7405660377358491]","[0.6161901724607518, 0.5892734470955217, 0.5841250461740847, 0.5265340465263708, 0.5306188739511846]",COMPLETE,cat,0.7068396226415095,0.5693483172415827,588.2,,,,,1.811621145348851,83.0,6.0,4.307347702290716,24.0,1.369444067447854
58,0.6438570047251114,2026-04-14 23:50:18.896507,2026-04-14 23:50:22.270300,0 days 00:00:03.373793,,,0.29940214978875335,,,,,0.6152018687587512,,,,,,PRUNED,cat,,,,,,,,0.6734762143073969,64.0,8.0,1.6918228444324006,3.0,0.8455643012075117
59,0.5825837156212679,2026-04-14 23:50:22.285947,2026-04-14 23:51:38.403380,0 days 00:01:16.117433,,,0.016787152803952123,,,,,0.5858840613271067,,,,,,PRUNED,cat,,,,,,,Balanced,1.2869455471379143,237.0,7.0,6.9873688099407065,7.0,0.5502140237548643
60,0.6062070269764229,2026-04-14 23:51:38.422876,2026-04-14 23:51:55.021477,0 days 00:00:16.598601,,,0.026741328371565707,,,,,0.678846212037122,,,,,,PRUNED,cat,,,,,,,,1.7814452278922746,43.0,8.0,0.977151906420809,16.0,1.7388225105085569
61,0.5685865227515725,2026-04-14 23:51:55.039348,2026-04-14 23:52:44.796129,0 days 00:00:49.756781,,,0.014017799395335324,,,,,0.932275184634352,437.2,0.7091981132075471,0.5685865227515725,"[0.6556603773584906, 0.7075471698113207, 0.7040094339622641, 0.7417452830188679, 0.7370283018867925]","[0.6141767917324612, 0.5854888036582545, 0.586598717304813, 0.5208809076023095, 0.5357873934600244]",COMPLETE,cat,0.7091981132075471,0.5685865227515725,437.2,,,,,2.300267688747319,57.0,7.0,3.3179274578907623,21.0,0.7496321422053744
62,0.5688651153895773,2026-04-14 23:52:44.810177,2026-04-14 23:52:56.894037,0 days 00:00:12.083860,,,0.056700837311074885,,,,,0.6537203134682306,123.6,0.7025943396226415,0.5688651153895773,"[0.6167452830188679, 0.7087264150943396, 0.6957547169811321, 0.7511792452830188, 0.7405660377358491]","[0.6207354943342107, 0.585663385869888, 0.5742511653069922, 0.5318402003690019, 0.5318353310677937]",COMPLETE,cat,0.7025943396226415,0.5688651153895773,123.6,,,,,2.071820410753514,177.0,5.0,3.138342899780576,13.0,0.20200151844286401
63,0.5701377443589717,2026-04-14 23:52:56.908244,2026-04-14 23:53:02.961893,0 days 00:00:06.053649,,,0.06426551961568772,,,,,0.5554046709351602,,,,,,PRUNED,cat,,,,,,,,1.9387361100281528,152.0,3.0,2.3020303436905865,11.0,0.003967430306877351
64,0.5691762121792253,2026-04-14 23:53:02.980543,2026-04-14 23:53:21.314232,0 days 00:00:18.333689,,,0.04591241250199618,,,,,0.6278443712980014,153.8,0.7051886792452831,0.5691762121792253,"[0.6415094339622641, 0.7028301886792453, 0.6922169811320755, 0.7405660377358491, 0.7488207547169812]","[0.619097979591672, 0.5866571226075569, 0.5804493380243229, 0.526833632577564, 0.5328429880950107]",COMPLETE,cat,0.7051886792452831,0.5691762121792253,153.8,,,,,2.5935997856962096,120.0,6.0,4.567726986937634,18.0,0.38662219966890954
65,0.5705067252493146,2026-04-14 23:53:21.333025,2026-04-14 23:53:52.961557,0 days 00:00:31.628532,,,0.011421356459549947,,,,,0.595799312774018,,,,,,PRUNED,cat,,,,,,,,1.538690964621905,198.0,3.0,1.5433540731208482,12.0,0.576092417718055
66,0.5689827673627398,2026-04-14 23:53:52.996316,2026-04-14 23:54:56.268328,0 days 00:01:03.272012,,,0.020488309589249458,,,,,0.517919576341648,266.0,0.7007075471698113,0.5689827673627398,"[0.6450471698113207, 0.6933962264150944, 0.6898584905660378, 0.7417452830188679, 0.7334905660377359]","[0.6217861367121291, 0.5831467645668971, 0.5794233130453291, 0.5257484956816068, 0.5348091268077364]",COMPLETE,cat,0.7007075471698113,0.5689827673627398,266.0,,,,,0.8628324748344011,76.0,8.0,2.7093215865046174,6.0,0.21340169715238674
67,0.5677214898122278,2026-04-14 23:54:56.290972,2026-04-14 23:55:15.209159,0 days 00:00:18.918187,,,0.03647398303511529,,,,,0.5777853244552633,294.4,0.706132075471698,0.5677214898122278,"[0.6497641509433962, 0.7016509433962265, 0.6945754716981132, 0.7441037735849056, 0.7405660377358491]","[0.6140242831381872, 0.5847483590109293, 0.5814248556833143, 0.5249519760631935, 0.533457975165515]",COMPLETE,cat,0.706132075471698,0.5677214898122278,294.4,,,,,1.1561644863693807,218.0,4.0,6.897432473577971,29.0,1.040434107424201
68,0.6181301371927531,2026-04-14 23:55:15.224132,2026-04-14 23:55:31.324294,0 days 00:00:16.100162,,,0.13864820622693844,,,,,0.7061809694272712,,,,,,PRUNED,cat,,,,,,,,1.90194222851667,160.0,9.0,4.345660239007239,20.0,0.3972508367355355
69,0.6003856165747229,2026-04-14 23:55:31.341089,2026-04-14 23:55:34.587978,0 days 00:00:03.246889,,,0.07462982588216685,,,,,0.5417516182678705,,,,,,PRUNED,cat,,,,,,,Balanced,2.131654341528023,183.0,3.0,0.39964246286930993,15.0,0.11265149909315408
70,0.5977512236481293,2026-04-14 23:55:34.605913,2026-04-14 23:56:17.269614,0 days 00:00:42.663701,,,0.027110993234896765,,,,,0.6010799200801686,,,,,,PRUNED,cat,,,,,,,,0.277972034977779,206.0,7.0,1.0792791352706388,8.0,2.0436852024161976
71,0.6058156671479225,2026-04-14 23:56:17.284770,2026-04-14 23:56:19.992102,0 days 00:00:02.707332,,,0.11974236101502561,,,,,0.7433406279051572,,,,,,PRUNED,cat,,,,,,,,2.883448799409458,164.0,4.0,0.13411960696067665,9.0,1.3990818307616457
72,0.5673506932999455,2026-04-14 23:56:20.009366,2026-04-14 23:56:27.714705,0 days 00:00:07.705339,,,0.08973959303730948,,,,,0.5798299244972934,156.0,0.7068396226415095,0.5673506932999455,"[0.6474056603773585, 0.7063679245283019, 0.6933962264150944, 0.7488207547169812, 0.7382075471698113]","[0.6137633352399414, 0.5796056332454892, 0.5773483234440674, 0.5286293222617383, 0.5374068523084916]",COMPLETE,cat,0.7068396226415095,0.5673506932999455,156.0,,,,,1.1389192444242564,222.0,3.0,7.19945429103535,50.0,1.120896188854188
73,0.5994919969377136,2026-04-14 23:56:27.732487,2026-04-14 23:56:31.258131,0 days 00:00:03.525644,,,0.09864727127750506,,,,,0.6711774221708392,,,,,,PRUNED,cat,,,,,,,,1.4699725243965864,241.0,3.0,0.05952375811587653,38.0,1.139985583854328
74,0.5703689339224868,2026-04-14 23:56:31.273164,2026-04-14 23:56:37.191983,0 days 00:00:05.918819,,,0.08882584637905322,,,,,0.6379535630278013,,,,,,PRUNED,cat,,,,,,,,1.6171197134906383,146.0,3.0,8.389085002755909,32.0,0.8876635916581361
75,0.5673915232618769,2026-04-14 23:56:37.209561,2026-04-14 23:56:46.644518,0 days 00:00:09.434957,,,0.06038901730385227,,,,,0.5708490216615324,193.4,0.7035377358490565,0.5673915232618769,"[0.6356132075471698, 0.6933962264150944, 0.7028301886792453, 0.75, 0.7358490566037735]","[0.6203938769437464, 0.5802184028763384, 0.5753105897837018, 0.52484452091711, 0.5361902257884877]",COMPLETE,cat,0.7035377358490565,0.5673915232618769,193.4,,,,,1.03646116325348,231.0,3.0,5.49062980172427,22.0,0.6657402692896456
