number,value,datetime_start,datetime_complete,duration,params_colsample_bytree,params_gamma,params_learning_rate,params_max_depth,params_min_child_weight,params_reg_alpha,params_reg_lambda,params_subsample,user_attrs_avg_best_iteration,user_attrs_cv_accuracy,user_attrs_cv_logloss,user_attrs_fold_accs,user_attrs_fold_lls,state,model,cv_accuracy,cv_logloss,avg_best_iteration,params_min_child_samples,params_min_split_gain,params_num_leaves,params_auto_class_weights,params_bagging_temperature,params_border_count,params_depth,params_l2_leaf_reg,params_min_data_in_leaf,params_random_strength
9,0.5709990192631719,2026-04-14 23:08:30.574258,2026-04-14 23:08:39.302653,0 days 00:00:08.728395,0.5176876252009635,,0.030816017044468066,9.0,,0.01998634077852888,0.8287522363768158,0.5317791751430119,129.0,0.6950471698113208,0.5709990192631719,"[0.6403301886792453, 0.6886792452830188, 0.6745283018867925, 0.7441037735849056, 0.7275943396226415]","[0.623826066906887, 0.5926765598522858, 0.5974164160082807, 0.5100010060001519, 0.5310750475482543]",COMPLETE,lgb,0.6950471698113208,0.5709990192631719,129.0,34.0,0.9444298503238986,115.0,,,,,,,
10,0.5843737431033882,2026-04-14 23:08:39.317106,2026-04-14 23:08:41.800847,0 days 00:00:02.483741,0.3125733129303738,,0.0801598202072992,12.0,,8.400077721081804,0.5767509177705751,0.6581488192564469,,,,,,PRUNED,lgb,,,,49.0,0.0795992121540296,85.0,,,,,,,
11,0.5692652606555239,2026-04-14 23:08:41.823746,2026-04-14 23:08:50.406587,0 days 00:00:08.582841,0.6202921033821921,,0.028143809001114455,4.0,,0.17787823465639171,9.462889395526375,0.7036125349902485,265.0,0.7009433962264151,0.5692652606555239,"[0.6438679245283019, 0.6992924528301887, 0.6816037735849056, 0.7452830188679245, 0.7346698113207547]","[0.6233046210245266, 0.5897464187152909, 0.5886905201286868, 0.5173759377359373, 0.5272088056731776]",COMPLETE,lgb,0.7009433962264151,0.5692652606555239,265.0,39.0,0.6683381689991306,83.0,,,,,,,
12,0.5731701769368868,2026-04-14 23:08:50.420155,2026-04-14 23:09:02.610186,0 days 00:00:12.190031,0.9740730604106111,,0.01953207926428168,3.0,,0.27308349581482794,4.804013104241859,0.6689548019958765,,,,,,PRUNED,lgb,,,,40.0,0.6055898094281241,81.0,,,,,,,
13,0.5704969147513465,2026-04-14 23:09:02.632541,2026-04-14 23:09:07.702915,0 days 00:00:05.070374,0.5627601544079259,,0.056999682933429566,5.0,,0.2033675288762677,0.38154767915470084,0.6550033123696585,86.0,0.7007075471698114,0.5704969147513465,"[0.6462264150943396, 0.6992924528301887, 0.6721698113207547, 0.7464622641509434, 0.7393867924528302]","[0.6225967862748255, 0.5923358887029296, 0.590902509983119, 0.5159681650580585, 0.5306812237377994]",COMPLETE,lgb,0.7007075471698114,0.5704969147513465,86.0,42.0,0.07431166099217967,92.0,,,,,,,
14,0.5705706733250712,2026-04-14 23:09:07.719016,2026-04-14 23:09:12.496146,0 days 00:00:04.777130,0.4710546393505432,,0.0435848913640069,4.0,,1.3264047601077698,1.9952898488608448,0.731057379200564,155.0,0.7004716981132076,0.5705706733250712,"[0.6308962264150944, 0.7016509433962265, 0.6863207547169812, 0.7488207547169812, 0.7346698113207547]","[0.6222730186383607, 0.589264347552078, 0.5917021242581421, 0.5179188894027568, 0.5316949867740185]",COMPLETE,lgb,0.7004716981132076,0.5705706733250712,155.0,34.0,0.7694650274850472,65.0,,,,,,,
15,0.569613709260508,2026-04-14 23:09:12.513288,2026-04-14 23:09:21.201530,0 days 00:00:08.688242,0.30769243247063993,,0.01823746384809008,5.0,,0.062257578888456615,0.12157988176987539,0.7317621388336346,287.6,0.7,0.569613709260508,"[0.6297169811320755, 0.7087264150943396, 0.6839622641509434, 0.7476415094339622, 0.7299528301886793]","[0.61863231479355, 0.5904745770874692, 0.590923733329414, 0.5151519330977672, 0.5328859879943401]",COMPLETE,lgb,0.7,0.569613709260508,287.6,50.0,0.2510263009632783,72.0,,,,,,,
16,0.5686342615903298,2026-04-14 23:09:21.219813,2026-04-14 23:09:26.151193,0 days 00:00:04.931380,0.6133930037912653,,0.042783446231157436,4.0,,1.1349835828662918,0.01668735055209615,0.9332272057959198,139.2,0.701179245283019,0.5686342615903298,"[0.6391509433962265, 0.6851415094339622, 0.6922169811320755, 0.7429245283018868, 0.7464622641509434]","[0.6242628674758995, 0.5903496242185702, 0.5902138595589103, 0.5126876551945985, 0.5256573015036706]",COMPLETE,lgb,0.701179245283019,0.5686342615903298,139.2,32.0,1.3330712786154377,97.0,,,,,,,
17,0.5696502127778621,2026-04-14 23:09:26.168977,2026-04-14 23:09:29.656150,0 days 00:00:03.487173,0.38671283286093056,,0.047156888828257804,6.0,,5.544564716435637,0.01293667993691413,0.9659084100735005,127.6,0.6985849056603775,0.5696502127778621,"[0.6238207547169812, 0.7028301886792453, 0.6709905660377359, 0.7523584905660378, 0.7429245283018868]","[0.6254815200472031, 0.5888587893126026, 0.5855190674411144, 0.518528350065981, 0.5298633370224092]",COMPLETE,lgb,0.6985849056603775,0.5696502127778621,127.6,29.0,1.3424739347011039,99.0,,,,,,,
18,0.5819474745090216,2026-04-14 23:09:29.671429,2026-04-14 23:09:31.797461,0 days 00:00:02.126032,0.5202113460152874,,0.0969193339743378,4.0,,0.9722581906885688,0.0012270369235988874,0.9348931493933818,,,,,,PRUNED,lgb,,,,14.0,1.3430726223020402,103.0,,,,,,,
19,0.6108638419382953,2026-04-14 23:09:31.816262,2026-04-14 23:09:32.656609,0 days 00:00:00.840347,0.8162164682957822,,0.14168046193643383,7.0,,2.816948208353356,0.06099412898103847,0.9110284119688123,,,,,,PRUNED,lgb,,,,32.0,1.92704900812388,65.0,,,,,,,
20,0.5699766269607546,2026-04-14 23:09:32.674268,2026-04-14 23:09:37.861241,0 days 00:00:05.186973,0.3665634203767864,,0.03937801918465281,5.0,,0.4479717901387344,0.006392359405746701,0.7927035404859734,160.6,0.7030660377358491,0.5699766269607546,"[0.6580188679245284, 0.7028301886792453, 0.6792452830188679, 0.7441037735849056, 0.7311320754716981]","[0.6227984748265157, 0.5897598349614314, 0.5919333958926982, 0.5120117732674102, 0.5333796558557176]",COMPLETE,lgb,0.7030660377358491,0.5699766269607546,160.6,45.0,0.8927975256403422,16.0,,,,,,,
21,0.5811847996156927,2026-04-14 23:09:37.896378,2026-04-14 23:09:43.498588,0 days 00:00:05.602210,0.609608744458763,,0.02294690565574328,4.0,,0.05246845012264984,0.038318346469841356,0.602313333959958,,,,,,PRUNED,lgb,,,,37.0,0.6401262561836862,86.0,,,,,,,
22,0.5685844580371118,2026-04-14 23:09:43.521551,2026-04-14 23:09:49.326533,0 days 00:00:05.804982,0.6415993456259238,,0.037670647802893954,3.0,,0.5282226677536411,0.011163057211686664,0.6967278050286844,217.6,0.7011792452830189,0.5685844580371118,"[0.6297169811320755, 0.6933962264150944, 0.6922169811320755, 0.7464622641509434, 0.7441037735849056]","[0.6212892684958786, 0.5851711295515938, 0.5865324537164559, 0.5191243431170942, 0.5308050953045368]",COMPLETE,lgb,0.7011792452830189,0.5685844580371118,217.6,44.0,0.2643365543140507,75.0,,,,,,,
23,0.5691872845711764,2026-04-14 23:09:49.339521,2026-04-14 23:09:56.475364,0 days 00:00:07.135843,0.7556943815900089,,0.03692570072852688,3.0,,0.5927693320498558,0.011247452184207455,0.5967691469766433,199.4,0.7049528301886794,0.5691872845711764,"[0.6450471698113207, 0.6957547169811321, 0.6933962264150944, 0.7476415094339622, 0.7429245283018868]","[0.6205420225850167, 0.5865674382633629, 0.5905503113457486, 0.5173741623676784, 0.5309024882940756]",COMPLETE,lgb,0.7049528301886794,0.5691872845711764,199.4,44.0,0.3209642207872215,72.0,,,,,,,
24,0.604182780754681,2026-04-14 23:09:56.490340,2026-04-14 23:09:58.029777,0 days 00:00:01.539437,0.6639388313629846,,0.05479445220777591,5.0,,2.5606074093375435,0.004660167127284737,0.8982444017648535,,,,,,PRUNED,lgb,,,,45.0,1.4394731331591009,95.0,,,,,,,
25,0.5697955611770593,2026-04-14 23:09:58.050653,2026-04-14 23:10:09.789780,0 days 00:00:11.739127,0.5495261209889836,,0.015463768677064973,3.0,,2.5047857303937104,0.0010198814974267092,0.7848382775929303,491.4,0.6992924528301886,0.5697955611770593,"[0.6367924528301887, 0.6933962264150944, 0.6839622641509434, 0.7429245283018868, 0.7393867924528302]","[0.6236438197903565, 0.5880289530793741, 0.5884538723498289, 0.5189941175388905, 0.5298570431268463]",COMPLETE,lgb,0.6992924528301886,0.5697955611770593,491.4,29.0,0.24900155923167103,56.0,,,,,,,
26,0.6029530584855444,2026-04-14 23:10:09.806960,2026-04-14 23:10:11.366727,0 days 00:00:01.559767,0.4556538307491778,,0.06111430124257152,6.0,,0.45782396018404065,0.013043609513300155,0.6018248037355871,,,,,,PRUNED,lgb,,,,47.0,1.1411994130060081,108.0,,,,,,,
27,0.6027163868297649,2026-04-14 23:10:11.385358,2026-04-14 23:10:13.805823,0 days 00:00:02.420465,0.7972709563672722,,0.036601758255074966,4.0,,0.10706955552172982,0.19113294499796404,0.8333540379372535,,,,,,PRUNED,lgb,,,,36.0,0.023493784117711747,91.0,,,,,,,
28,0.5807307390630165,2026-04-14 23:10:13.827773,2026-04-14 23:10:22.090519,0 days 00:00:08.262746,0.9212102664732513,,0.022197973758070477,5.0,,4.268877560281774,0.002771817181739343,0.7040010619175212,,,,,,PRUNED,lgb,,,,43.0,0.4495028408609574,107.0,,,,,,,
29,0.6099330938213949,2026-04-14 23:10:22.134462,2026-04-14 23:10:23.769941,0 days 00:00:01.635479,0.7261266839119115,,0.07247677376239008,6.0,,0.7916974888913885,0.009073302114405067,0.8836128667246226,,,,,,PRUNED,lgb,,,,17.0,0.82556542968046,74.0,,,,,,,
30,0.5690868226326675,2026-04-14 23:10:23.790275,2026-04-14 23:10:26.416305,0 days 00:00:02.626030,0.5804509551380831,,0.11461769400683593,3.0,,1.7406685292207116,0.0037961523498248302,0.9427582624194197,72.8,0.6957547169811321,0.5690868226326675,"[0.6403301886792453, 0.6768867924528302, 0.6886792452830188, 0.7334905660377359, 0.7393867924528302]","[0.6177948569097068, 0.5912240328066977, 0.5904298332491921, 0.5158438456872163, 0.5301415445105241]",COMPLETE,lgb,0.6957547169811321,0.5690868226326675,72.8,32.0,1.1236205170942763,79.0,,,,,,,
31,0.602046082253664,2026-04-14 23:10:26.432663,2026-04-14 23:10:27.462414,0 days 00:00:01.029751,0.6500959527215495,,0.10436863369465504,3.0,,1.4688292961652314,0.00340850658565715,0.9465011396890993,,,,,,PRUNED,lgb,,,,26.0,1.2182042953736172,62.0,,,,,,,
32,0.6089290956470498,2026-04-14 23:10:27.483068,2026-04-14 23:10:28.531945,0 days 00:00:01.048877,0.5793296308008435,,0.24440615055467166,4.0,,1.909975419919733,0.005834619609767235,0.9216778057077583,,,,,,PRUNED,lgb,,,,31.0,1.0815388618132875,78.0,,,,,,,
33,0.5705905079562145,2026-04-14 23:10:28.558351,2026-04-14 23:10:40.759659,0 days 00:00:12.201308,0.48793785531961015,,0.010291311098175876,3.0,,0.35316332361640235,0.022712408242209232,0.9907672213497579,,,,,,PRUNED,lgb,,,,24.0,1.4830195009653169,95.0,,,,,,,
34,0.6077602303925874,2026-04-14 23:10:40.787182,2026-04-14 23:10:41.884197,0 days 00:00:01.097015,0.7009203184805869,,0.14561555713097762,12.0,,4.783118389613029,0.00228084057104334,0.8797241324150578,,,,,,PRUNED,lgb,,,,47.0,1.0053824526419595,41.0,,,,,,,
35,0.5676662566530599,2026-04-14 23:10:41.904886,2026-04-14 23:10:45.566018,0 days 00:00:03.661132,0.41736098093603985,,0.048226863510288244,7.0,,0.8742550054208108,0.007715149423084656,0.9702213420556117,104.4,0.7014150943396226,0.5676662566530599,"[0.6391509433962265, 0.7004716981132075, 0.6745283018867925, 0.7523584905660378, 0.7405660377358491]","[0.620828408015332, 0.5894611095346736, 0.5868899950311631, 0.5128332466678307, 0.5283185240163005]",COMPLETE,lgb,0.7014150943396226,0.5676662566530599,104.4,37.0,1.2420019769106219,53.0,,,,,,,
36,0.5674669219517994,2026-04-14 23:10:45.585134,2026-04-14 23:10:52.327048,0 days 00:00:06.741914,0.3543843159754129,,0.03195354115005614,7.0,,0.13345743142771732,0.04289080082669516,0.8152616993641162,176.6,0.7004716981132076,0.5674669219517994,"[0.6415094339622641, 0.6992924528301887, 0.6804245283018868, 0.7452830188679245, 0.7358490566037735]","[0.618617449979043, 0.5862054842590387, 0.5907903869637142, 0.5119646181102075, 0.5297566704469934]",COMPLETE,lgb,0.7004716981132076,0.5674669219517994,176.6,37.0,1.2166414364607046,55.0,,,,,,,
37,0.6037105894440457,2026-04-14 23:10:52.344237,2026-04-14 23:10:55.212226,0 days 00:00:02.867989,0.4053791451687142,,0.03266785860303459,7.0,,0.12773688699043456,0.04160102384500815,0.7648912436803681,,,,,,PRUNED,lgb,,,,38.0,0.15867449751648988,53.0,,,,,,,
38,0.5797815888361139,2026-04-14 23:10:55.227384,2026-04-14 23:10:59.726319,0 days 00:00:04.498935,0.3355913290601247,,0.023879839068296226,8.0,,0.04911519524619645,0.06621758459843803,0.83418525176236,,,,,,PRUNED,lgb,,,,42.0,1.2262995820930744,36.0,,,,,,,
39,0.607634649261685,2026-04-14 23:10:59.744219,2026-04-14 23:11:08.655487,0 days 00:00:08.911268,0.3533474935861392,,0.01288039384995127,10.0,,0.031936060879368476,0.007331151372839899,0.8125288506156377,,,,,,PRUNED,lgb,,,,9.0,0.44772293329825064,57.0,,,,,,,
40,0.5798326287116096,2026-04-14 23:11:08.674506,2026-04-14 23:11:12.024165,0 days 00:00:03.349659,0.4152327424774575,,0.03325709906496495,9.0,,0.27054486142029677,0.027226672082846095,0.6917073094062807,,,,,,PRUNED,lgb,,,,50.0,1.5262408626496387,48.0,,,,,,,
41,0.567955853668402,2026-04-14 23:11:12.036675,2026-04-14 23:11:16.224175,0 days 00:00:04.187500,0.42486096524850564,,0.045960213614488085,7.0,,0.7803061226008231,0.01935829026994998,0.9828010976245803,107.0,0.6945754716981132,0.567955853668402,"[0.6320754716981132, 0.6945754716981132, 0.6745283018867925, 0.7417452830188679, 0.7299528301886793]","[0.6185625997116904, 0.591520255940139, 0.5907641089983692, 0.5148527133381979, 0.524079590353613]",COMPLETE,lgb,0.6945754716981132,0.567955853668402,107.0,35.0,1.2941745774673121,125.0,,,,,,,
42,0.5671759182682826,2026-04-14 23:11:16.245216,2026-04-14 23:11:20.240282,0 days 00:00:03.995066,0.37967264039520854,,0.04917517788154886,7.0,,0.8477957852028652,0.0016860556959681122,0.9968121661548539,101.4,0.7042452830188679,0.5671759182682826,"[0.6556603773584906, 0.7075471698113207, 0.6757075471698113, 0.7441037735849056, 0.7382075471698113]","[0.6157591523534288, 0.5847449708627095, 0.589764734520708, 0.5170981395978843, 0.5285125940066827]",COMPLETE,lgb,0.7042452830188679,0.5671759182682826,101.4,35.0,1.247550345673198,125.0,,,,,,,
43,0.6022305551572227,2026-04-14 23:11:20.261460,2026-04-14 23:11:22.067856,0 days 00:00:01.806396,0.44154863240495534,,0.05062165327281658,7.0,,0.6824378022783126,0.001403583952064398,0.9655789338036684,,,,,,PRUNED,lgb,,,,35.0,1.2636685446203348,125.0,,,,,,,
44,0.6026938485697606,2026-04-14 23:11:22.081562,2026-04-14 23:11:23.347510,0 days 00:00:01.265948,0.3905613820194915,,0.06579182199905624,8.0,,0.01674712717563455,0.0023356895569119746,0.9972851765970419,,,,,,PRUNED,lgb,,,,40.0,1.5696111514056181,120.0,,,,,,,
45,0.5700273126939379,2026-04-14 23:11:23.364107,2026-04-14 23:11:31.057065,0 days 00:00:07.692958,0.34298821366694476,,0.026025983974953485,8.0,,0.17648790690634655,0.0017752862883775582,0.9721012883208359,,,,,,PRUNED,lgb,,,,28.0,1.0279384908050315,127.0,,,,,,,
46,0.6051648510878925,2026-04-14 23:11:31.073127,2026-04-14 23:11:32.080222,0 days 00:00:01.007095,0.4898898333789855,,0.08615024273993838,7.0,,9.681164911622878,0.004126518568857285,0.8673225088122928,,,,,,PRUNED,lgb,,,,37.0,1.3877608268455406,114.0,,,,,,,
47,0.6012519303109121,2026-04-14 23:11:32.102181,2026-04-14 23:11:34.132319,0 days 00:00:02.030138,0.4244731436142789,,0.029281952643144073,6.0,,0.002695664734117331,0.03660411117784142,0.9990078657374311,,,,,,PRUNED,lgb,,,,34.0,1.7043045024629246,120.0,,,,,,,
48,0.5709127969031165,2026-04-14 23:11:34.160732,2026-04-14 23:11:44.547510,0 days 00:00:10.386778,0.32063635558543,,0.018485163386870382,9.0,,0.3114862159050625,0.1367281305377465,0.9597428199640635,,,,,,PRUNED,lgb,,,,40.0,0.9265823687500812,111.0,,,,,,,
49,0.6021382201623966,2026-04-14 23:11:44.565416,2026-04-14 23:11:46.089593,0 days 00:00:01.524177,0.3702376713401308,,0.04795586732689139,7.0,,0.8829855230609821,0.015552513729427052,0.9073325906056872,,,,,,PRUNED,lgb,,,,41.0,1.158192001216294,32.0,,,,,,,
50,0.6018904365167944,2026-04-14 23:11:46.105216,2026-04-14 23:11:47.219037,0 days 00:00:01.113821,0.5274249855929249,,0.06595603075095864,6.0,,2.995399774749084,0.28213315233843317,0.7436661013895509,,,,,,PRUNED,lgb,,,,22.0,1.6144171768511053,103.0,,,,,,,
51,0.6025677469584548,2026-04-14 23:11:47.240484,2026-04-14 23:11:49.341895,0 days 00:00:02.101411,0.46881954511457713,,0.04247391456809444,8.0,,0.5712707302890001,0.05816367106478599,0.7157283924780177,,,,,,PRUNED,lgb,,,,48.0,1.2397410086135254,42.0,,,,,,,
52,0.5691560171838603,2026-04-14 23:11:49.357997,2026-04-14 23:11:54.404147,0 days 00:00:05.046150,0.3938733658894214,,0.035139924082290254,8.0,,1.179509968271569,0.023639607808556114,0.7672472344859962,148.4,0.6962264150943397,0.5691560171838603,"[0.6379716981132075, 0.6922169811320755, 0.6792452830188679, 0.7464622641509434, 0.7252358490566038]","[0.6190622627804686, 0.5950497393110563, 0.5888102456488745, 0.5148173672439506, 0.5280404709349519]",COMPLETE,lgb,0.6962264150943397,0.5691560171838603,148.4,46.0,1.297833481395984,118.0,,,,,,,
53,0.6047129038202687,2026-04-14 23:11:54.420173,2026-04-14 23:11:56.043937,0 days 00:00:01.623764,0.30298595401778555,,0.05132826165912056,7.0,,0.010954649941752794,0.011155827438006801,0.6824924078115979,,,,,,PRUNED,lgb,,,,38.0,1.3971318243980153,67.0,,,,,,,
54,0.6041594504856062,2026-04-14 23:11:56.060139,2026-04-14 23:11:58.030222,0 days 00:00:01.970083,0.4347789388976938,,0.040936322406193194,11.0,,0.07682000312527668,0.00852809061858152,0.6253331468953155,,,,,,PRUNED,lgb,,,,43.0,0.7608077492939078,51.0,,,,,,,
55,0.602104033405408,2026-04-14 23:11:58.061399,2026-04-14 23:12:02.339129,0 days 00:00:04.277730,0.3721768161760406,,0.027645850648755094,9.0,,0.25801888445860743,0.003164220056749637,0.9783490303940132,,,,,,PRUNED,lgb,,,,30.0,0.15012847535778193,59.0,,,,,,,
56,0.6017544899620219,2026-04-14 23:12:02.365980,2026-04-14 23:12:04.093711,0 days 00:00:01.727731,0.34512970379508434,,0.05883768142221872,6.0,,0.4518208041069979,0.0016097556794496901,0.6407410538659896,,,,,,PRUNED,lgb,,,,35.0,0.5417021761424319,124.0,,,,,,,
57,0.6074602588840277,2026-04-14 23:12:04.110631,2026-04-14 23:12:09.315269,0 days 00:00:05.204638,0.8590956722895361,,0.02032448436196816,7.0,,0.16807212987636677,0.02037974101281256,0.7930521670262013,,,,,,PRUNED,lgb,,,,33.0,0.32857788165486423,111.0,,,,,,,
58,0.6025352730039734,2026-04-14 23:12:09.332749,2026-04-14 23:12:11.632954,0 days 00:00:02.300205,0.5001855651760434,,0.04494795272691294,10.0,,0.9282759969732285,0.0846450701556851,0.5601336961099437,,,,,,PRUNED,lgb,,,,38.0,1.094906840810082,22.0,,,,,,,
59,0.5700012286012386,2026-04-14 23:12:11.650445,2026-04-14 23:12:17.499799,0 days 00:00:05.849354,0.4538681822615899,,0.03119451653254537,5.0,,2.1306074315410277,0.005501298066166093,0.7239209714258651,,,,,,PRUNED,lgb,,,,49.0,0.9695660580327586,89.0,,,,,,,
60,0.5693514400164843,2026-04-14 23:12:17.522920,2026-04-14 23:12:22.974139,0 days 00:00:05.451219,0.4081041298808852,,0.025401213276868187,6.0,,3.318351333542916,0.016231221264527137,0.814131715381129,238.8,0.7021226415094339,0.5693514400164843,"[0.6238207547169812, 0.7169811320754716, 0.6910377358490566, 0.7464622641509434, 0.7323113207547169]","[0.6217392934091253, 0.5879985469115533, 0.5890753249689512, 0.5164317288043961, 0.5315123059883957]",COMPLETE,lgb,0.7021226415094339,0.5693514400164843,238.8,44.0,1.453774260145982,46.0,,,,,,,
61,0.603292858059097,2026-04-14 23:12:22.996131,2026-04-14 23:12:24.829194,0 days 00:00:01.833063,0.6200916579616926,,0.03847606842484015,7.0,,1.1226872742090612,0.03149925526108204,0.9308208513002248,,,,,,PRUNED,lgb,,,,36.0,1.3388602986921987,98.0,,,,,,,
62,0.5683825603736976,2026-04-14 23:12:24.848329,2026-04-14 23:12:29.530626,0 days 00:00:04.682297,0.6867827350739041,,0.04410725115878373,4.0,,1.465550157835081,0.0010026613442851407,0.9461052564176594,150.2,0.7,0.5683825603736976,"[0.6332547169811321, 0.6981132075471698, 0.6839622641509434, 0.7405660377358491, 0.7441037735849056]","[0.6232979538735716, 0.586223092176592, 0.5910401352295074, 0.5145471369654646, 0.5268044836233522]",COMPLETE,lgb,0.7,0.5683825603736976,150.2,32.0,1.8415580075445082,68.0,,,,,,,
63,0.6028402164071939,2026-04-14 23:12:29.547600,2026-04-14 23:12:31.125157,0 days 00:00:01.577557,0.75888786666738,,0.0543778794486003,5.0,,0.6076135019159667,0.001242461062462959,0.9780862867248894,,,,,,PRUNED,lgb,,,,33.0,1.9740981129478952,63.0,,,,,,,
64,0.6022542030623086,2026-04-14 23:12:31.141556,2026-04-14 23:12:32.316680,0 days 00:00:01.175124,0.6822487587062,,0.047363746243783096,8.0,,7.212792932583954,0.0010601673452449178,0.9507029678638845,,,,,,PRUNED,lgb,,,,31.0,1.7638824385824958,68.0,,,,,,,
65,0.6240119266857357,2026-04-14 23:12:32.336009,2026-04-14 23:12:33.482659,0 days 00:00:01.146650,0.3296026850925671,,0.29866373378393163,7.0,,1.5952985739565992,0.002111773807780404,0.8510575366724994,,,,,,PRUNED,lgb,,,,26.0,1.8823444749948408,54.0,,,,,,,
66,0.6025276734238787,2026-04-14 23:12:33.508417,2026-04-14 23:12:34.867659,0 days 00:00:01.359242,0.7147047056435907,,0.07475302746889677,4.0,,0.4337428615516828,0.002813168367438926,0.7446238285025668,,,,,,PRUNED,lgb,,,,36.0,0.7283678206714597,75.0,,,,,,,
67,0.6085962387329897,2026-04-14 23:12:34.889941,2026-04-14 23:12:37.618894,0 days 00:00:02.728953,0.9717838558340316,,0.036223974907275386,6.0,,0.8126122035194313,0.004708157011813531,0.9239841018439983,,,,,,PRUNED,lgb,,,,39.0,0.8402315198644764,59.0,,,,,,,
68,0.6014496807559336,2026-04-14 23:12:37.637916,2026-04-14 23:12:40.047870,0 days 00:00:02.409954,0.3707089728524487,,0.03068550416962845,7.0,,1.4370714750584856,0.009282132502140246,0.8947389879664607,,,,,,PRUNED,lgb,,,,41.0,1.1943233299809488,115.0,,,,,,,
69,0.601169847598688,2026-04-14 23:12:40.071819,2026-04-14 23:12:45.761708,0 days 00:00:05.689889,0.5418781493084203,,0.016469371423989524,5.0,,0.22245443175999555,0.050575633938811,0.9563799433510927,,,,,,PRUNED,lgb,,,,30.0,0.23795601267106328,108.0,,,,,,,
70,0.6030443712950952,2026-04-14 23:12:45.777951,2026-04-14 23:12:47.177750,0 days 00:00:01.399799,0.7550170888744762,,0.04287332293323211,3.0,,0.3523943856489531,0.0015667282497521568,0.9842998323220686,,,,,,PRUNED,lgb,,,,34.0,1.0517733431651877,84.0,,,,,,,
